  client.cpp
  clientPrestige.cpp
  clientRegulier.cpp
  main.cpp
  PlatBio.cpp
y:\documents\inf1010\inf1010_tp3\fichierstp3\fichiers\platbio.cpp(8): error C2572: 'PlatBio::PlatBio' : redéfinition de l'argument par défaut : paramètre 1
  y:\documents\inf1010\inf1010_tp3\fichierstp3\fichiers\platbio.h(20): note: voir la déclaration de 'PlatBio::PlatBio'
y:\documents\inf1010\inf1010_tp3\fichierstp3\fichiers\platbio.cpp(8): error C2572: 'PlatBio::PlatBio' : redéfinition de l'argument par défaut : paramètre 2
  y:\documents\inf1010\inf1010_tp3\fichierstp3\fichiers\platbio.h(20): note: voir la déclaration de 'PlatBio::PlatBio'
y:\documents\inf1010\inf1010_tp3\fichierstp3\fichiers\platbio.cpp(8): error C2572: 'PlatBio::PlatBio' : redéfinition de l'argument par défaut : paramètre 3
  y:\documents\inf1010\inf1010_tp3\fichierstp3\fichiers\platbio.h(20): note: voir la déclaration de 'PlatBio::PlatBio'
y:\documents\inf1010\inf1010_tp3\fichierstp3\fichiers\platbio.cpp(8): error C2572: 'PlatBio::PlatBio' : redéfinition de l'argument par défaut : paramètre 4
  y:\documents\inf1010\inf1010_tp3\fichierstp3\fichiers\platbio.h(20): note: voir la déclaration de 'PlatBio::PlatBio'
  PlatCustom.cpp
  Restaurant.cpp
y:\documents\inf1010\inf1010_tp3\fichierstp3\fichiers\restaurant.cpp(244): error C2661: 'Table::Table' : aucune fonction surchargée ne nécessite 2 arguments
y:\documents\inf1010\inf1010_tp3\fichierstp3\fichiers\restaurant.cpp(261): error C2084: la fonction 'Restaurant &Restaurant::operator +=(Table *)' a déjà un corps
  y:\documents\inf1010\inf1010_tp3\fichierstp3\fichiers\restaurant.cpp(256): note: voir la définition précédente de '+='
y:\documents\inf1010\inf1010_tp3\fichierstp3\fichiers\restaurant.cpp(274): warning C4018: '<' : incompatibilité signed/unsigned
y:\documents\inf1010\inf1010_tp3\fichierstp3\fichiers\restaurant.cpp(293): warning C4018: '<' : incompatibilité signed/unsigned
y:\documents\inf1010\inf1010_tp3\fichierstp3\fichiers\restaurant.cpp(313): error C3867: 'ClientRegulier::getNbPoints' : syntaxe non-standard ; utilisez '&' pour créer un pointeur vers un membre
y:\documents\inf1010\inf1010_tp3\fichierstp3\fichiers\restaurant.cpp(313): error C2446: '>' : pas de conversion de 'const double' en 'int (__thiscall ClientRegulier::* )(void)'
  y:\documents\inf1010\inf1010_tp3\fichierstp3\fichiers\restaurant.cpp(313): note: Aucun contexte dans lequel cette conversion est possible
y:\documents\inf1010\inf1010_tp3\fichierstp3\fichiers\restaurant.cpp(320): error C3867: 'ClientRegulier::getNbPoints' : syntaxe non-standard ; utilisez '&' pour créer un pointeur vers un membre
y:\documents\inf1010\inf1010_tp3\fichierstp3\fichiers\restaurant.cpp(320): error C2446: '>' : pas de conversion de 'const double' en 'int (__thiscall ClientRegulier::* )(void)'
  y:\documents\inf1010\inf1010_tp3\fichierstp3\fichiers\restaurant.cpp(320): note: Aucun contexte dans lequel cette conversion est possible
y:\documents\inf1010\inf1010_tp3\fichierstp3\fichiers\restaurant.cpp(322): error C3867: 'ClientRegulier::getNbPoints' : syntaxe non-standard ; utilisez '&' pour créer un pointeur vers un membre
y:\documents\inf1010\inf1010_tp3\fichierstp3\fichiers\restaurant.cpp(322): error C2446: '<' : pas de conversion de 'const double' en 'int (__thiscall ClientRegulier::* )(void)'
  y:\documents\inf1010\inf1010_tp3\fichierstp3\fichiers\restaurant.cpp(322): note: Aucun contexte dans lequel cette conversion est possible
y:\documents\inf1010\inf1010_tp3\fichierstp3\fichiers\restaurant.cpp(323): error C3867: 'ClientPrestige::getAddresseCode' : syntaxe non-standard ; utilisez '&' pour créer un pointeur vers un membre
y:\documents\inf1010\inf1010_tp3\fichierstp3\fichiers\restaurant.cpp(327): error C2361: l'initialisation de 'reduction' est ignorée par l'étiquette 'default'
  y:\documents\inf1010\inf1010_tp3\fichierstp3\fichiers\restaurant.cpp(319): note: voir la déclaration de 'reduction'
  Table.cpp
y:\documents\inf1010\inf1010_tp3\fichierstp3\fichiers\table.cpp(98): error C3867: 'PlatCustom::getSupplement' : syntaxe non-standard ; utilisez '&' pour créer un pointeur vers un membre
y:\documents\inf1010\inf1010_tp3\fichierstp3\fichiers\table.cpp(98): error C2297: '+=' : non conforme, l'opérande droit est du type 'double (__thiscall PlatCustom::* )(void) const'
  Génération de code en cours...
y:\documents\inf1010\inf1010_tp3\fichierstp3\fichiers\platcustom.cpp(36): error C4716: 'operator<<' : doit retourner une valeur
y:\documents\inf1010\inf1010_tp3\fichierstp3\fichiers\clientregulier.cpp(30): error C4716: 'operator<<' : doit retourner une valeur
y:\documents\inf1010\inf1010_tp3\fichierstp3\fichiers\clientprestige.cpp(36): warning C4715: 'ClientPrestige::getAddressCodeString' : les chemins de contrôle ne retournent pas tous une valeur
y:\documents\inf1010\inf1010_tp3\fichierstp3\fichiers\clientprestige.cpp(41): error C4716: 'operator<<' : doit retourner une valeur
y:\documents\inf1010\inf1010_tp3\fichierstp3\fichiers\client.cpp(57): warning C4715: 'Client::convertirStatutString' : les chemins de contrôle ne retournent pas tous une valeur
y:\documents\inf1010\inf1010_tp3\fichierstp3\fichiers\client.cpp(62): error C4716: 'operator<<' : doit retourner une valeur
